<?xml version="1.0" encoding="UTF-8"?>
<!-- Generated by org.testng.reporters.JUnitReportReporter -->
<testsuite skipped="0" hostname="Digi" name="captureScreenshot.FacebookScreenshot" tests="1" failures="0" timestamp="14 Jul 2018 06:41:24 GMT" time="10.073" errors="1">
  <testcase name="captureScreenshot" time="10.073" classname="captureScreenshot.FacebookScreenshot">
    <error type="org.openqa.selenium.InvalidElementStateException" message="Element is disabled and so may not be used for actions
Command duration or timeout: 38 milliseconds
Build info: version: &#039;2.53.0&#039;, revision: &#039;35ae25b&#039;, time: &#039;2016-03-15 17:00:58&#039;
System info: host: &#039;Digi&#039;, ip: &#039;192.168.0.29&#039;, os.name: &#039;Windows 8.1&#039;, os.arch: &#039;amd64&#039;, os.version: &#039;6.3&#039;, java.version: &#039;1.8.0_171&#039;
Driver info: org.openqa.selenium.firefox.FirefoxDriver
Capabilities [{applicationCacheEnabled=true, rotatable=false, handlesAlerts=true, databaseEnabled=true, version=44.0, platform=WINDOWS, nativeEvents=false, acceptSslCerts=true, webStorageEnabled=true, locationContextEnabled=true, browserName=firefox, takesScreenshot=true, javascriptEnabled=true, cssSelectorsEnabled=true}]
Session ID: 3f26a13b-d9f3-4412-ba9b-a77abf047bc6">
      <![CDATA[org.openqa.selenium.InvalidElementStateException: Element is disabled and so may not be used for actions
Command duration or timeout: 38 milliseconds
Build info: version: '2.53.0', revision: '35ae25b', time: '2016-03-15 17:00:58'
System info: host: 'Digi', ip: '192.168.0.29', os.name: 'Windows 8.1', os.arch: 'amd64', os.version: '6.3', java.version: '1.8.0_171'
Driver info: org.openqa.selenium.firefox.FirefoxDriver
Capabilities [{applicationCacheEnabled=true, rotatable=false, handlesAlerts=true, databaseEnabled=true, version=44.0, platform=WINDOWS, nativeEvents=false, acceptSslCerts=true, webStorageEnabled=true, locationContextEnabled=true, browserName=firefox, takesScreenshot=true, javascriptEnabled=true, cssSelectorsEnabled=true}]
Session ID: 3f26a13b-d9f3-4412-ba9b-a77abf047bc6
at sun.reflect.NativeConstructorAccessorImpl.newInstance0(Native Method)
at sun.reflect.NativeConstructorAccessorImpl.newInstance(Unknown Source)
at sun.reflect.DelegatingConstructorAccessorImpl.newInstance(Unknown Source)
at java.lang.reflect.Constructor.newInstance(Unknown Source)
at org.openqa.selenium.remote.ErrorHandler.createThrowable(ErrorHandler.java:206)
at org.openqa.selenium.remote.ErrorHandler.throwIfResponseFailed(ErrorHandler.java:158)
at org.openqa.selenium.remote.RemoteWebDriver.execute(RemoteWebDriver.java:678)
at org.openqa.selenium.remote.RemoteWebElement.execute(RemoteWebElement.java:327)
at org.openqa.selenium.remote.RemoteWebElement.sendKeys(RemoteWebElement.java:122)
at captureScreenshot.FacebookScreenshot.captureScreenshot(FacebookScreenshot.java:24)
at sun.reflect.NativeMethodAccessorImpl.invoke0(Native Method)
at sun.reflect.NativeMethodAccessorImpl.invoke(Unknown Source)
at sun.reflect.DelegatingMethodAccessorImpl.invoke(Unknown Source)
at java.lang.reflect.Method.invoke(Unknown Source)
at org.testng.internal.MethodInvocationHelper.invokeMethod(MethodInvocationHelper.java:124)
at org.testng.internal.Invoker.invokeMethod(Invoker.java:580)
at org.testng.internal.Invoker.invokeTestMethod(Invoker.java:716)
at org.testng.internal.Invoker.invokeTestMethods(Invoker.java:988)
at org.testng.internal.TestMethodWorker.invokeTestMethods(TestMethodWorker.java:125)
at org.testng.internal.TestMethodWorker.run(TestMethodWorker.java:109)
at org.testng.TestRunner.privateRun(TestRunner.java:648)
at org.testng.TestRunner.run(TestRunner.java:505)
at org.testng.SuiteRunner.runTest(SuiteRunner.java:455)
at org.testng.SuiteRunner.runSequentially(SuiteRunner.java:450)
at org.testng.SuiteRunner.privateRun(SuiteRunner.java:415)
at org.testng.SuiteRunner.run(SuiteRunner.java:364)
at org.testng.SuiteRunnerWorker.runSuite(SuiteRunnerWorker.java:52)
at org.testng.SuiteRunnerWorker.run(SuiteRunnerWorker.java:84)
at org.testng.TestNG.runSuitesSequentially(TestNG.java:1208)
at org.testng.TestNG.runSuitesLocally(TestNG.java:1137)
at org.testng.TestNG.runSuites(TestNG.java:1049)
at org.testng.TestNG.run(TestNG.java:1017)
at org.testng.remote.AbstractRemoteTestNG.run(AbstractRemoteTestNG.java:114)
at org.testng.remote.RemoteTestNG.initAndRun(RemoteTestNG.java:251)
at org.testng.remote.RemoteTestNG.main(RemoteTestNG.java:77)
Caused by: org.openqa.selenium.InvalidElementStateException: Element is disabled and so may not be used for actions
Build info: version: '2.53.0', revision: '35ae25b', time: '2016-03-15 17:00:58'
System info: host: 'Digi', ip: '192.168.0.29', os.name: 'Windows 8.1', os.arch: 'amd64', os.version: '6.3', java.version: '1.8.0_171'
Driver info: driver.version: unknown
at <anonymous class>.fxdriver.preconditions.enabled(file:///C:/Users/Raghava/AppData/Local/Temp/anonymous4271508061325137861webdriver-profile/extensions/fxdriver@googlecode.com/components/command-processor.js:10098)
at <anonymous class>.DelayedCommand.prototype.checkPreconditions_(file:///C:/Users/Raghava/AppData/Local/Temp/anonymous4271508061325137861webdriver-profile/extensions/fxdriver@googlecode.com/components/command-processor.js:12644)
at <anonymous class>.DelayedCommand.prototype.executeInternal_/h(file:///C:/Users/Raghava/AppData/Local/Temp/anonymous4271508061325137861webdriver-profile/extensions/fxdriver@googlecode.com/components/command-processor.js:12661)
at <anonymous class>.DelayedCommand.prototype.executeInternal_(file:///C:/Users/Raghava/AppData/Local/Temp/anonymous4271508061325137861webdriver-profile/extensions/fxdriver@googlecode.com/components/command-processor.js:12666)
at <anonymous class>.DelayedCommand.prototype.execute/<(file:///C:/Users/Raghava/AppData/Local/Temp/anonymous4271508061325137861webdriver-profile/extensions/fxdriver@googlecode.com/components/command-processor.js:12608)
]]>
    </error>
  </testcase> <!-- captureScreenshot -->
</testsuite> <!-- captureScreenshot.FacebookScreenshot -->
